<?xml version="1.0" encoding="UTF-8"?>
<!-- Generated by org.testng.reporters.JUnitReportReporter -->
<testsuite hostname="DESKTOP-7IL8GUR" failures="0" tests="1" name="com.runner.Runnertestng" time="67.679" errors="0" timestamp="2025-04-03T20:59:54 IST" skipped="0">
  <testcase classname="com.runner.Runnertestng" name="runScenario" time="67.679"/>
</testsuite> <!-- com.runner.Runnertestng -->
