<?xml version="1.0" encoding="UTF-8"?>
<!-- Generated by org.testng.reporters.JUnitReportReporter -->
<testsuite hostname="DESKTOP-7IL8GUR" failures="0" tests="1" name="com.runner.Runnertestng" time="28.443" errors="0" timestamp="2025-04-03T17:22:03 IST" skipped="0">
  <testcase classname="com.runner.Runnertestng" name="runScenario" time="28.443"/>
</testsuite> <!-- com.runner.Runnertestng -->
